<?xml version="1.0" encoding="UTF-8"?>
<testng-results skipped="0" failed="0" ignored="0" total="6" passed="6">
  <reporter-output>
  </reporter-output>
  <suite name="Suite" duration-ms="26" started-at="2019-05-23T20:33:46Z" finished-at="2019-05-23T20:33:46Z">
    <groups>
    </groups>
    <test name="Test" duration-ms="26" started-at="2019-05-23T20:33:46Z" finished-at="2019-05-23T20:33:46Z">
      <class name="qaclickacademy.AppiumTest">
        <test-method status="PASS" signature="IOSApps()[pri:0, instance:qaclickacademy.AppiumTest@2344fc66]" name="IOSApps" duration-ms="0" started-at="2019-05-23T20:33:46Z" finished-at="2019-05-23T20:33:46Z">
          <reporter-output>
          </reporter-output>
        </test-method> <!-- IOSApps -->
        <test-method status="PASS" signature="NativeAppAndroid()[pri:0, instance:qaclickacademy.AppiumTest@2344fc66]" name="NativeAppAndroid" duration-ms="1" started-at="2019-05-23T20:33:46Z" finished-at="2019-05-23T20:33:46Z">
          <reporter-output>
          </reporter-output>
        </test-method> <!-- NativeAppAndroid -->
      </class> <!-- qaclickacademy.AppiumTest -->
      <class name="qaclickacademy.RESTAPITest">
        <test-method status="PASS" signature="deleteTwitter()[pri:0, instance:qaclickacademy.RESTAPITest@2669b199]" name="deleteTwitter" duration-ms="0" started-at="2019-05-23T20:33:46Z" finished-at="2019-05-23T20:33:46Z">
          <reporter-output>
          </reporter-output>
        </test-method> <!-- deleteTwitter -->
        <test-method status="PASS" signature="postJira()[pri:0, instance:qaclickacademy.RESTAPITest@2669b199]" name="postJira" duration-ms="0" started-at="2019-05-23T20:33:46Z" finished-at="2019-05-23T20:33:46Z">
          <reporter-output>
          </reporter-output>
        </test-method> <!-- postJira -->
      </class> <!-- qaclickacademy.RESTAPITest -->
      <class name="qaclickacademy.SeleniumTest">
        <test-method status="PASS" signature="BrowserAutomation()[pri:0, instance:qaclickacademy.SeleniumTest@6574b225]" name="BrowserAutomation" duration-ms="5" started-at="2019-05-23T20:33:46Z" finished-at="2019-05-23T20:33:46Z">
          <reporter-output>
          </reporter-output>
        </test-method> <!-- BrowserAutomation -->
        <test-method status="PASS" signature="elementsUi()[pri:0, instance:qaclickacademy.SeleniumTest@6574b225]" name="elementsUi" duration-ms="0" started-at="2019-05-23T20:33:46Z" finished-at="2019-05-23T20:33:46Z">
          <reporter-output>
          </reporter-output>
        </test-method> <!-- elementsUi -->
      </class> <!-- qaclickacademy.SeleniumTest -->
    </test> <!-- Test -->
  </suite> <!-- Suite -->
</testng-results>
