<?xml version="1.0" encoding="UTF-8"?>
<!-- Generated by org.testng.reporters.JUnitXMLReporter -->
<testsuite hostname="USMCLDWK9D1THH2" ignored="0" name="Test" tests="6" failures="0" timestamp="23 May 2019 20:33:46 GMT" time="0.026" errors="0">
  <testcase name="BrowserAutomation" time="0.005" classname="qaclickacademy.SeleniumTest"/>
  <testcase name="elementsUi" time="0.0" classname="qaclickacademy.SeleniumTest"/>
  <testcase name="deleteTwitter" time="0.0" classname="qaclickacademy.RESTAPITest"/>
  <testcase name="postJira" time="0.0" classname="qaclickacademy.RESTAPITest"/>
  <testcase name="IOSApps" time="0.0" classname="qaclickacademy.AppiumTest"/>
  <testcase name="NativeAppAndroid" time="0.001" classname="qaclickacademy.AppiumTest"/>
</testsuite> <!-- Test -->
