<?xml version="1.0" encoding="UTF-8"?>
<testng-results skipped="0" failed="0" ignored="0" total="2" passed="2">
  <reporter-output>
  </reporter-output>
  <suite name="Default suite" duration-ms="49" started-at="2019-05-22T18:28:25Z" finished-at="2019-05-22T18:28:25Z">
    <groups>
    </groups>
    <test name="Default test" duration-ms="49" started-at="2019-05-22T18:28:25Z" finished-at="2019-05-22T18:28:25Z">
      <class name="qaclickacademy.AppiumTest">
        <test-method status="PASS" signature="IOSApps()[pri:0, instance:qaclickacademy.AppiumTest@6500df86]" name="IOSApps" duration-ms="7" started-at="2019-05-22T18:28:25Z" finished-at="2019-05-22T18:28:25Z">
          <reporter-output>
          </reporter-output>
        </test-method> <!-- IOSApps -->
        <test-method status="PASS" signature="NativeAppAndroid()[pri:0, instance:qaclickacademy.AppiumTest@6500df86]" name="NativeAppAndroid" duration-ms="1" started-at="2019-05-22T18:28:25Z" finished-at="2019-05-22T18:28:25Z">
          <reporter-output>
          </reporter-output>
        </test-method> <!-- NativeAppAndroid -->
      </class> <!-- qaclickacademy.AppiumTest -->
    </test> <!-- Default test -->
  </suite> <!-- Default suite -->
</testng-results>
